<?xml version="1.0" encoding="UTF-8"?>
<!-- Generated by org.testng.reporters.JUnitReportReporter -->
<testsuite hostname="MSI" failures="0" tests="2" name="AkshitTest.MavanJava.AppiumTest" time="0.003" errors="0" timestamp="2020-11-17T22:14:51 IST" skipped="0">
  <testcase classname="AkshitTest.MavanJava.AppiumTest" name="deleteTwitter" time="0.000"/>
  <system-out/>
  <testcase classname="AkshitTest.MavanJava.AppiumTest" name="NativeAppAnderoid" time="0.003"/>
  <system-out/>
</testsuite> <!-- AkshitTest.MavanJava.AppiumTest -->
