<?xml version="1.0" encoding="UTF-8"?>
<!-- Generated by org.testng.reporters.JUnitReportReporter -->
<testsuite hostname="MSI" failures="0" tests="1" name="AkshitTest.MavanJava.AppTest" time="0.011" errors="0" timestamp="2020-11-17T22:13:06 IST" skipped="0">
  <testcase classname="AkshitTest.MavanJava.AppTest" name="shouldAnswerWithTrue" time="0.011"/>
  <system-out/>
</testsuite> <!-- AkshitTest.MavanJava.AppTest -->
