<?xml version="1.0" encoding="UTF-8"?>
<!-- Generated by org.testng.reporters.JUnitReportReporter -->
<testsuite hostname="MSI" failures="0" tests="2" name="AkshitTest.MavanJava.RestAPITest" time="0.003" errors="0" timestamp="2020-11-17T23:05:08 IST" skipped="0">
  <testcase classname="AkshitTest.MavanJava.RestAPITest" name="deleteTwitter" time="0.003"/>
  <system-out/>
  <testcase classname="AkshitTest.MavanJava.RestAPITest" name="postJira" time="0.000"/>
  <system-out/>
</testsuite> <!-- AkshitTest.MavanJava.RestAPITest -->
